\BOOKMARK [1][-]{section.1}{Introduction}{}% 1
\BOOKMARK [1][-]{section.2}{Related\040Works}{}% 2
\BOOKMARK [2][-]{subsection.2.1}{Super-Optimisers}{section.2}% 3
\BOOKMARK [2][-]{subsection.2.2}{GPGPU\040Synthesizers}{section.2}% 4
\BOOKMARK [3][-]{subsubsection.2.2.1}{Optimizing\040CUDA\040Loops}{subsection.2.2}% 5
\BOOKMARK [3][-]{subsubsection.2.2.2}{Alternative\040Inputs\040for\040CUDA\040Synthesis}{subsection.2.2}% 6
\BOOKMARK [2][-]{subsection.2.3}{Nvidia\040Resources}{section.2}% 7
\BOOKMARK [3][-]{subsubsection.2.3.1}{PTX\040Semantics}{subsection.2.3}% 8
\BOOKMARK [3][-]{subsubsection.2.3.2}{GPUOcelot}{subsection.2.3}% 9
\BOOKMARK [1][-]{section.3}{The\040Program}{}% 10
\BOOKMARK [2][-]{subsection.3.1}{The\040Parsing\040Structures\040and\040Semantics}{section.3}% 11
\BOOKMARK [2][-]{subsection.3.2}{Naive\040Code-generation}{section.3}% 12
\BOOKMARK [2][-]{subsection.3.3}{An\040Output-by-output\040Search}{section.3}% 13
\BOOKMARK [2][-]{subsection.3.4}{Disjoint\040Outputs:\040an\040Optimization}{section.3}% 14
\BOOKMARK [1][-]{section.4}{Benchmarks\040and\040Observations}{}% 15
\BOOKMARK [1][-]{section.5}{Future\040Work}{}% 16
\BOOKMARK [2][-]{subsection.5.1}{Parsing}{section.5}% 17
\BOOKMARK [2][-]{subsection.5.2}{Semantics}{section.5}% 18
\BOOKMARK [2][-]{subsection.5.3}{Implementation}{section.5}% 19
\BOOKMARK [2][-]{subsection.5.4}{Theoretical}{section.5}% 20
\BOOKMARK [2][-]{subsection.5.5}{More\040Benchmarks}{section.5}% 21
\BOOKMARK [1][-]{section.6}{References}{}% 22
